<?xml version="1.0" encoding="UTF-8"?>
<!-- Generated by org.testng.reporters.JUnitReportReporter -->
<testsuite hostname="DESKTOP-D8UJD9S" failures="0" tests="6" name="myTestCase.MyTestCases" time="2.973" errors="0" timestamp="2024-02-02T16:32:05 EET" skipped="0">
  <testcase classname="myTestCase.MyTestCases" name="CheckTheDeafultLanguageIsEnglish" time="0.123"/>
  <system-out/>
  <testcase classname="myTestCase.MyTestCases" name="CheckTheCurrencyIsSAR" time="0.084"/>
  <system-out/>
  <testcase classname="myTestCase.MyTestCases" name="CheckTheContactNumber" time="0.420"/>
  <system-out/>
  <testcase classname="myTestCase.MyTestCases" name="CheckTheQitafLogo" time="0.447"/>
  <system-out/>
  <testcase classname="myTestCase.MyTestCases" name="CheckHotelTabIsNotSelectedByDefault" time="0.303"/>
  <system-out/>
  <testcase classname="myTestCase.MyTestCases" name="ChosseRandomLanguage" time="1.596"/>
  <system-out/>
</testsuite> <!-- myTestCase.MyTestCases -->
